[debug] [2023-03-10T08:27:00.874Z] ----------------------------------------------------------------------
[debug] [2023-03-10T08:27:00.877Z] Command:       C:\Program Files\nodejs\node.exe C:\Users\qwe\AppData\Roaming\npm\node_modules\firebase-tools\lib\bin\firebase.js init
[debug] [2023-03-10T08:27:00.878Z] CLI Version:   11.24.1
[debug] [2023-03-10T08:27:00.878Z] Platform:      win32
[debug] [2023-03-10T08:27:00.878Z] Node Version:  v16.13.1
[debug] [2023-03-10T08:27:00.880Z] Time:          Fri Mar 10 2023 13:57:00 GMT+0530 (India Standard Time)
[debug] [2023-03-10T08:27:00.881Z] ----------------------------------------------------------------------
[debug] 
[debug] [2023-03-10T08:27:01.048Z] > command requires scopes: ["email","openid","https://www.googleapis.com/auth/cloudplatformprojects.readonly","https://www.googleapis.com/auth/firebase","https://www.googleapis.com/auth/cloud-platform"]
[debug] [2023-03-10T08:27:01.049Z] > authorizing via signed-in user (one08labs@gmail.com)
[info] 
     ######## #### ########  ######## ########     ###     ######  ########
     ##        ##  ##     ## ##       ##     ##  ##   ##  ##       ##
     ######    ##  ########  ######   ########  #########  ######  ######
     ##        ##  ##    ##  ##       ##     ## ##     ##       ## ##
     ##       #### ##     ## ######## ########  ##     ##  ######  ########

You're about to initialize a Firebase project in this directory:

  C:\Users\qwe\Desktop\onewon labs projects\consulux

Before we get started, keep in mind:

  * You are initializing within an existing Firebase project directory

